<?xml version="1.0" encoding="UTF-8"?>
<!-- Generated by org.testng.reporters.JUnitXMLReporter -->
<testsuite hostname="BL084-Sathish" ignored="0" name="Default test" tests="13" failures="0" timestamp="23 Nov 2022 11:19:10 GMT" time="3.058" errors="0">
  <testcase name="@BeforeClass browserSetup" time="0.0" classname="test.attest360.testCases.BaseClass">
    <failure type="org.testng.TestNGException" message="
Parameter &amp;apos;browser&amp;apos; is required by BeforeClass on method browserSetup but has not been marked @Optional or defined
in C:\Users\Durga Prasad\AppData\Local\Temp\testng-eclipse--766316803\testng-customsuite.xml">
      <![CDATA[org.testng.TestNGException: 
Parameter 'browser' is required by BeforeClass on method browserSetup but has not been marked @Optional or defined
in C:\Users\Durga Prasad\AppData\Local\Temp\testng-eclipse--766316803\testng-customsuite.xml
at org.testng.internal.Parameters.createParams(Parameters.java:290)
at org.testng.internal.Parameters.createParametersForMethod(Parameters.java:359)
at org.testng.internal.Parameters.createParameters(Parameters.java:620)
at org.testng.internal.Parameters.createConfigurationParameters(Parameters.java:190)
at org.testng.internal.Invoker.invokeConfigurations(Invoker.java:209)
at org.testng.internal.Invoker.invokeConfigurations(Invoker.java:142)
at org.testng.internal.TestMethodWorker.invokeBeforeClassMethods(TestMethodWorker.java:168)
at org.testng.internal.TestMethodWorker.run(TestMethodWorker.java:105)
at org.testng.TestRunner.privateRun(TestRunner.java:648)
at org.testng.TestRunner.run(TestRunner.java:505)
at org.testng.SuiteRunner.runTest(SuiteRunner.java:455)
at org.testng.SuiteRunner.runSequentially(SuiteRunner.java:450)
at org.testng.SuiteRunner.privateRun(SuiteRunner.java:415)
at org.testng.SuiteRunner.run(SuiteRunner.java:364)
at org.testng.SuiteRunnerWorker.runSuite(SuiteRunnerWorker.java:52)
at org.testng.SuiteRunnerWorker.run(SuiteRunnerWorker.java:84)
at org.testng.TestNG.runSuitesSequentially(TestNG.java:1208)
at org.testng.TestNG.runSuitesLocally(TestNG.java:1137)
at org.testng.TestNG.runSuites(TestNG.java:1049)
at org.testng.TestNG.run(TestNG.java:1017)
at org.testng.remote.AbstractRemoteTestNG.run(AbstractRemoteTestNG.java:132)
at org.testng.remote.RemoteTestNG.initAndRun(RemoteTestNG.java:236)
at org.testng.remote.RemoteTestNG.main(RemoteTestNG.java:81)
]]>
    </failure>
  </testcase> <!-- @BeforeClass browserSetup -->
  <testcase name="@AfterClass teardown" time="0.0" classname="test.attest360.testCases.BaseClass">
    <skipped/>
  </testcase> <!-- @AfterClass teardown -->
  <testcase name="critirionDataEntryLogin" time="0.0" classname="test.attest360.testCases.DataEntry">
    <skipped/>
  </testcase> <!-- critirionDataEntryLogin -->
  <testcase name="select_customer" time="0.0" classname="test.attest360.testCases.DataEntry">
    <skipped/>
  </testcase> <!-- select_customer -->
  <testcase name="enterBasicDetails" time="0.0" classname="test.attest360.testCases.DataEntry">
    <skipped/>
  </testcase> <!-- enterBasicDetails -->
  <testcase name="fillDataAuthorization" time="0.0" classname="test.attest360.testCases.DataEntry">
    <skipped/>
  </testcase> <!-- fillDataAuthorization -->
  <testcase name="fillDataSetBasic" time="0.0" classname="test.attest360.testCases.DataEntry">
    <skipped/>
  </testcase> <!-- fillDataSetBasic -->
  <testcase name="fillDataSetEducation" time="0.0" classname="test.attest360.testCases.DataEntry">
    <skipped/>
  </testcase> <!-- fillDataSetEducation -->
  <testcase name="fillDataSetEmploymet" time="0.0" classname="test.attest360.testCases.DataEntry">
    <skipped/>
  </testcase> <!-- fillDataSetEmploymet -->
  <testcase name="fillDataSetAddress" time="0.0" classname="test.attest360.testCases.DataEntry">
    <skipped/>
  </testcase> <!-- fillDataSetAddress -->
  <testcase name="fillDataSetCriminalVerification" time="0.0" classname="test.attest360.testCases.DataEntry">
    <skipped/>
  </testcase> <!-- fillDataSetCriminalVerification -->
  <testcase name="fillDataIdentificationVerification" time="0.0" classname="test.attest360.testCases.DataEntry">
    <skipped/>
  </testcase> <!-- fillDataIdentificationVerification -->
  <testcase name="logoutAsDataEntry" time="0.0" classname="test.attest360.testCases.DataEntry">
    <skipped/>
  </testcase> <!-- logoutAsDataEntry -->
  <testcase name="critirionQaLogin" time="0.0" classname="test.attest360.testCases.DataEntry">
    <skipped/>
  </testcase> <!-- critirionQaLogin -->
  <testcase name="runAutoDeligate" time="0.0" classname="test.attest360.testCases.DataEntry">
    <skipped/>
  </testcase> <!-- runAutoDeligate -->
</testsuite> <!-- Default test -->
