<?xml version="1.0" encoding="UTF-8"?>
<!-- Generated by org.testng.reporters.JUnitXMLReporter -->
<testsuite ignored="20" hostname="BL072-Anusha" failures="5" tests="9" name="Test" time="22.707" errors="0" timestamp="13 Jul 2023 11:30:16 GMT">
  <testcase classname="test.attest360.testCases.Fresher" name="critirionDataEntryLogin" time="1.263">
    <failure type="org.openqa.selenium.WebDriverException" message="unknown error: net::ERR_NAME_NOT_RESOLVED
  (Session info: chrome=114.0.5735.199)
Build info: version: &amp;apos;4.4.0&amp;apos;, revision: &amp;apos;e5c75ed026a&amp;apos;
System info: host: &amp;apos;BL072-ANUSHA&amp;apos;, ip: &amp;apos;10.134.10.41&amp;apos;, os.name: &amp;apos;Windows 10&amp;apos;, os.arch: &amp;apos;amd64&amp;apos;, os.version: &amp;apos;10.0&amp;apos;, java.version: &amp;apos;17.0.7&amp;apos;
Driver info: org.openqa.selenium.chrome.ChromeDriver
Command: [33e2c3aeb7b7e036aac4a1a508eeab14, get {url=https://demo.attest360.com/attest360/login}]
Capabilities {acceptInsecureCerts: false, browserName: chrome, browserVersion: 114.0.5735.199, chrome: {chromedriverVersion: 114.0.5735.90 (386bc09e8f4f..., userDataDir: C:\Users\Anusha\AppData\Loc...}, goog:chromeOptions: {debuggerAddress: localhost:52165}, networkConnectionEnabled: false, pageLoadStrategy: normal, platformName: WINDOWS, proxy: Proxy(), se:cdp: ws://localhost:52165/devtoo..., se:cdpVersion: 114.0.5735.199, setWindowRect: true, strictFileInteractability: false, timeouts: {implicit: 0, pageLoad: 300000, script: 30000}, unhandledPromptBehavior: dismiss and notify, webauthn:extension:credBlob: true, webauthn:extension:largeBlob: true, webauthn:extension:minPinLength: true, webauthn:extension:prf: true, webauthn:virtualAuthenticators: true}
Session ID: 33e2c3aeb7b7e036aac4a1a508eeab14">
      <![CDATA[org.openqa.selenium.WebDriverException: unknown error: net::ERR_NAME_NOT_RESOLVED
  (Session info: chrome=114.0.5735.199)
Build info: version: '4.4.0', revision: 'e5c75ed026a'
System info: host: 'BL072-ANUSHA', ip: '10.134.10.41', os.name: 'Windows 10', os.arch: 'amd64', os.version: '10.0', java.version: '17.0.7'
Driver info: org.openqa.selenium.chrome.ChromeDriver
Command: [33e2c3aeb7b7e036aac4a1a508eeab14, get {url=https://demo.attest360.com/attest360/login}]
Capabilities {acceptInsecureCerts: false, browserName: chrome, browserVersion: 114.0.5735.199, chrome: {chromedriverVersion: 114.0.5735.90 (386bc09e8f4f..., userDataDir: C:\Users\Anusha\AppData\Loc...}, goog:chromeOptions: {debuggerAddress: localhost:52165}, networkConnectionEnabled: false, pageLoadStrategy: normal, platformName: WINDOWS, proxy: Proxy(), se:cdp: ws://localhost:52165/devtoo..., se:cdpVersion: 114.0.5735.199, setWindowRect: true, strictFileInteractability: false, timeouts: {implicit: 0, pageLoad: 300000, script: 30000}, unhandledPromptBehavior: dismiss and notify, webauthn:extension:credBlob: true, webauthn:extension:largeBlob: true, webauthn:extension:minPinLength: true, webauthn:extension:prf: true, webauthn:virtualAuthenticators: true}
Session ID: 33e2c3aeb7b7e036aac4a1a508eeab14
at org.openqa.selenium.remote.codec.w3c.W3CHttpResponseCodec.createException(W3CHttpResponseCodec.java:200)
at org.openqa.selenium.remote.codec.w3c.W3CHttpResponseCodec.decode(W3CHttpResponseCodec.java:133)
at org.openqa.selenium.remote.codec.w3c.W3CHttpResponseCodec.decode(W3CHttpResponseCodec.java:53)
at org.openqa.selenium.remote.HttpCommandExecutor.execute(HttpCommandExecutor.java:184)
at org.openqa.selenium.remote.service.DriverCommandExecutor.invokeExecute(DriverCommandExecutor.java:167)
at org.openqa.selenium.remote.service.DriverCommandExecutor.execute(DriverCommandExecutor.java:142)
at org.openqa.selenium.remote.RemoteWebDriver.execute(RemoteWebDriver.java:547)
at org.openqa.selenium.remote.RemoteWebDriver.get(RemoteWebDriver.java:310)
at test.attest360.testCases.BaseClass.LanchUrl(BaseClass.java:95)
at test.attest360.testCases.Fresher.critirionDataEntryLogin(Fresher.java:20)
... Removed 31 stack frames]]>
    </failure>
  </testcase> <!-- critirionDataEntryLogin -->
  <testcase classname="test.attest360.testCases.Fresher" name="select_customer" time="2.072">
    <failure type="org.openqa.selenium.NoSuchElementException" message="no such element: Unable to locate element: {&amp;quot;method&amp;quot;:&amp;quot;xpath&amp;quot;,&amp;quot;selector&amp;quot;:&amp;quot;//span[text()=&amp;apos; Customer Details &amp;apos;]&amp;quot;}
  (Session info: chrome=114.0.5735.199)
For documentation on this error, please visit: https://selenium.dev/exceptions/#no_such_element
Build info: version: &amp;apos;4.4.0&amp;apos;, revision: &amp;apos;e5c75ed026a&amp;apos;
System info: host: &amp;apos;BL072-ANUSHA&amp;apos;, ip: &amp;apos;10.134.10.41&amp;apos;, os.name: &amp;apos;Windows 10&amp;apos;, os.arch: &amp;apos;amd64&amp;apos;, os.version: &amp;apos;10.0&amp;apos;, java.version: &amp;apos;17.0.7&amp;apos;
Driver info: org.openqa.selenium.chrome.ChromeDriver
Command: [33e2c3aeb7b7e036aac4a1a508eeab14, findElement {using=xpath, value=//span[text()=&amp;apos; Customer Details &amp;apos;]}]
Capabilities {acceptInsecureCerts: false, browserName: chrome, browserVersion: 114.0.5735.199, chrome: {chromedriverVersion: 114.0.5735.90 (386bc09e8f4f..., userDataDir: C:\Users\Anusha\AppData\Loc...}, goog:chromeOptions: {debuggerAddress: localhost:52165}, networkConnectionEnabled: false, pageLoadStrategy: normal, platformName: WINDOWS, proxy: Proxy(), se:cdp: ws://localhost:52165/devtoo..., se:cdpVersion: 114.0.5735.199, setWindowRect: true, strictFileInteractability: false, timeouts: {implicit: 0, pageLoad: 300000, script: 30000}, unhandledPromptBehavior: dismiss and notify, webauthn:extension:credBlob: true, webauthn:extension:largeBlob: true, webauthn:extension:minPinLength: true, webauthn:extension:prf: true, webauthn:virtualAuthenticators: true}
Session ID: 33e2c3aeb7b7e036aac4a1a508eeab14">
      <![CDATA[org.openqa.selenium.NoSuchElementException: no such element: Unable to locate element: {"method":"xpath","selector":"//span[text()=' Customer Details ']"}
  (Session info: chrome=114.0.5735.199)
For documentation on this error, please visit: https://selenium.dev/exceptions/#no_such_element
Build info: version: '4.4.0', revision: 'e5c75ed026a'
System info: host: 'BL072-ANUSHA', ip: '10.134.10.41', os.name: 'Windows 10', os.arch: 'amd64', os.version: '10.0', java.version: '17.0.7'
Driver info: org.openqa.selenium.chrome.ChromeDriver
Command: [33e2c3aeb7b7e036aac4a1a508eeab14, findElement {using=xpath, value=//span[text()=' Customer Details ']}]
Capabilities {acceptInsecureCerts: false, browserName: chrome, browserVersion: 114.0.5735.199, chrome: {chromedriverVersion: 114.0.5735.90 (386bc09e8f4f..., userDataDir: C:\Users\Anusha\AppData\Loc...}, goog:chromeOptions: {debuggerAddress: localhost:52165}, networkConnectionEnabled: false, pageLoadStrategy: normal, platformName: WINDOWS, proxy: Proxy(), se:cdp: ws://localhost:52165/devtoo..., se:cdpVersion: 114.0.5735.199, setWindowRect: true, strictFileInteractability: false, timeouts: {implicit: 0, pageLoad: 300000, script: 30000}, unhandledPromptBehavior: dismiss and notify, webauthn:extension:credBlob: true, webauthn:extension:largeBlob: true, webauthn:extension:minPinLength: true, webauthn:extension:prf: true, webauthn:virtualAuthenticators: true}
Session ID: 33e2c3aeb7b7e036aac4a1a508eeab14
at org.openqa.selenium.remote.codec.w3c.W3CHttpResponseCodec.createException(W3CHttpResponseCodec.java:200)
at org.openqa.selenium.remote.codec.w3c.W3CHttpResponseCodec.decode(W3CHttpResponseCodec.java:133)
at org.openqa.selenium.remote.codec.w3c.W3CHttpResponseCodec.decode(W3CHttpResponseCodec.java:53)
at org.openqa.selenium.remote.HttpCommandExecutor.execute(HttpCommandExecutor.java:184)
at org.openqa.selenium.remote.service.DriverCommandExecutor.invokeExecute(DriverCommandExecutor.java:167)
at org.openqa.selenium.remote.service.DriverCommandExecutor.execute(DriverCommandExecutor.java:142)
at org.openqa.selenium.remote.RemoteWebDriver.execute(RemoteWebDriver.java:547)
at org.openqa.selenium.remote.ElementLocation$ElementFinder$2.findElement(ElementLocation.java:162)
at org.openqa.selenium.remote.ElementLocation.findElement(ElementLocation.java:60)
at org.openqa.selenium.remote.RemoteWebDriver.findElement(RemoteWebDriver.java:365)
at org.openqa.selenium.remote.RemoteWebDriver.findElement(RemoteWebDriver.java:357)
at org.openqa.selenium.support.pagefactory.DefaultElementLocator.findElement(DefaultElementLocator.java:70)
at org.openqa.selenium.support.pagefactory.internal.LocatingElementHandler.invoke(LocatingElementHandler.java:39)
at jdk.proxy2/jdk.proxy2.$Proxy18.click(Unknown Source)
at test.attest360.pageObjects.HomePage.selectCustomer(HomePage.java:141)
at test.attest360.testCases.Fresher.select_customer(Fresher.java:30)
... Removed 31 stack frames]]>
    </failure>
  </testcase> <!-- select_customer -->
  <testcase classname="test.attest360.testCases.Fresher" name="enterBasicDetails" time="0.188">
    <failure type="org.openqa.selenium.NoSuchElementException" message="Unable to find element with locator By.id: name
For documentation on this error, please visit: https://selenium.dev/exceptions/#no_such_element
Build info: version: &amp;apos;4.4.0&amp;apos;, revision: &amp;apos;e5c75ed026a&amp;apos;
System info: host: &amp;apos;BL072-ANUSHA&amp;apos;, ip: &amp;apos;10.134.10.41&amp;apos;, os.name: &amp;apos;Windows 10&amp;apos;, os.arch: &amp;apos;amd64&amp;apos;, os.version: &amp;apos;10.0&amp;apos;, java.version: &amp;apos;17.0.7&amp;apos;
Driver info: driver.version: RemoteWebDriver">
      <![CDATA[org.openqa.selenium.NoSuchElementException: Unable to find element with locator By.id: name
For documentation on this error, please visit: https://selenium.dev/exceptions/#no_such_element
Build info: version: '4.4.0', revision: 'e5c75ed026a'
System info: host: 'BL072-ANUSHA', ip: '10.134.10.41', os.name: 'Windows 10', os.arch: 'amd64', os.version: '10.0', java.version: '17.0.7'
Driver info: driver.version: RemoteWebDriver
at org.openqa.selenium.remote.ElementLocation$ElementFinder$2.findElement(ElementLocation.java:165)
at org.openqa.selenium.remote.ElementLocation.findElement(ElementLocation.java:66)
at org.openqa.selenium.remote.RemoteWebDriver.findElement(RemoteWebDriver.java:365)
at org.openqa.selenium.remote.RemoteWebDriver.findElement(RemoteWebDriver.java:357)
at org.openqa.selenium.support.pagefactory.DefaultElementLocator.findElement(DefaultElementLocator.java:70)
at org.openqa.selenium.support.pagefactory.internal.LocatingElementHandler.invoke(LocatingElementHandler.java:39)
at jdk.proxy2/jdk.proxy2.$Proxy18.clear(Unknown Source)
at test.attest360.pageObjects.BasicDetailsRegisterPageNewUI.setFirstName(BasicDetailsRegisterPageNewUI.java:63)
at test.attest360.pageObjects.BasicDetailsRegisterPageNewUI.enterBasicDetails(BasicDetailsRegisterPageNewUI.java:192)
at test.attest360.testCases.Fresher.enterBasicDetails(Fresher.java:37)
... Removed 26 stack frames]]>
    </failure>
  </testcase> <!-- enterBasicDetails -->
  <testcase classname="test.attest360.testCases.Fresher" name="fillDataAuthorization" time="0.132">
    <failure type="org.openqa.selenium.NoSuchWindowException" message="no such window: target window already closed
from unknown error: web view not found
  (Session info: chrome=114.0.5735.199)
Build info: version: &amp;apos;4.4.0&amp;apos;, revision: &amp;apos;e5c75ed026a&amp;apos;
System info: host: &amp;apos;BL072-ANUSHA&amp;apos;, ip: &amp;apos;10.134.10.41&amp;apos;, os.name: &amp;apos;Windows 10&amp;apos;, os.arch: &amp;apos;amd64&amp;apos;, os.version: &amp;apos;10.0&amp;apos;, java.version: &amp;apos;17.0.7&amp;apos;
Driver info: org.openqa.selenium.chrome.ChromeDriver
Command: [33e2c3aeb7b7e036aac4a1a508eeab14, findElement {using=id, value=searchName}]
Capabilities {acceptInsecureCerts: false, browserName: chrome, browserVersion: 114.0.5735.199, chrome: {chromedriverVersion: 114.0.5735.90 (386bc09e8f4f..., userDataDir: C:\Users\Anusha\AppData\Loc...}, goog:chromeOptions: {debuggerAddress: localhost:52165}, networkConnectionEnabled: false, pageLoadStrategy: normal, platformName: WINDOWS, proxy: Proxy(), se:cdp: ws://localhost:52165/devtoo..., se:cdpVersion: 114.0.5735.199, setWindowRect: true, strictFileInteractability: false, timeouts: {implicit: 0, pageLoad: 300000, script: 30000}, unhandledPromptBehavior: dismiss and notify, webauthn:extension:credBlob: true, webauthn:extension:largeBlob: true, webauthn:extension:minPinLength: true, webauthn:extension:prf: true, webauthn:virtualAuthenticators: true}
Session ID: 33e2c3aeb7b7e036aac4a1a508eeab14">
      <![CDATA[org.openqa.selenium.NoSuchWindowException: no such window: target window already closed
from unknown error: web view not found
  (Session info: chrome=114.0.5735.199)
Build info: version: '4.4.0', revision: 'e5c75ed026a'
System info: host: 'BL072-ANUSHA', ip: '10.134.10.41', os.name: 'Windows 10', os.arch: 'amd64', os.version: '10.0', java.version: '17.0.7'
Driver info: org.openqa.selenium.chrome.ChromeDriver
Command: [33e2c3aeb7b7e036aac4a1a508eeab14, findElement {using=id, value=searchName}]
Capabilities {acceptInsecureCerts: false, browserName: chrome, browserVersion: 114.0.5735.199, chrome: {chromedriverVersion: 114.0.5735.90 (386bc09e8f4f..., userDataDir: C:\Users\Anusha\AppData\Loc...}, goog:chromeOptions: {debuggerAddress: localhost:52165}, networkConnectionEnabled: false, pageLoadStrategy: normal, platformName: WINDOWS, proxy: Proxy(), se:cdp: ws://localhost:52165/devtoo..., se:cdpVersion: 114.0.5735.199, setWindowRect: true, strictFileInteractability: false, timeouts: {implicit: 0, pageLoad: 300000, script: 30000}, unhandledPromptBehavior: dismiss and notify, webauthn:extension:credBlob: true, webauthn:extension:largeBlob: true, webauthn:extension:minPinLength: true, webauthn:extension:prf: true, webauthn:virtualAuthenticators: true}
Session ID: 33e2c3aeb7b7e036aac4a1a508eeab14
at org.openqa.selenium.remote.codec.w3c.W3CHttpResponseCodec.createException(W3CHttpResponseCodec.java:200)
at org.openqa.selenium.remote.codec.w3c.W3CHttpResponseCodec.decode(W3CHttpResponseCodec.java:133)
at org.openqa.selenium.remote.codec.w3c.W3CHttpResponseCodec.decode(W3CHttpResponseCodec.java:53)
at org.openqa.selenium.remote.HttpCommandExecutor.execute(HttpCommandExecutor.java:184)
at org.openqa.selenium.remote.service.DriverCommandExecutor.invokeExecute(DriverCommandExecutor.java:167)
at org.openqa.selenium.remote.service.DriverCommandExecutor.execute(DriverCommandExecutor.java:142)
at org.openqa.selenium.remote.RemoteWebDriver.execute(RemoteWebDriver.java:547)
at org.openqa.selenium.remote.ElementLocation$ElementFinder$2.findElement(ElementLocation.java:162)
at org.openqa.selenium.remote.ElementLocation.findElement(ElementLocation.java:60)
at org.openqa.selenium.remote.RemoteWebDriver.findElement(RemoteWebDriver.java:365)
at org.openqa.selenium.remote.RemoteWebDriver.findElement(RemoteWebDriver.java:357)
at org.openqa.selenium.support.pagefactory.DefaultElementLocator.findElement(DefaultElementLocator.java:70)
at org.openqa.selenium.support.pagefactory.internal.LocatingElementHandler.invoke(LocatingElementHandler.java:39)
at jdk.proxy2/jdk.proxy2.$Proxy18.sendKeys(Unknown Source)
at test.attest360.pageObjects.HomePage.selectCrtNumber(HomePage.java:167)
at test.attest360.testCases.Fresher.fillDataAuthorization(Fresher.java:47)
... Removed 31 stack frames]]>
    </failure>
  </testcase> <!-- fillDataAuthorization -->
  <testcase classname="test.attest360.testCases.Fresher" name="fillDataSetBasic" time="0.0">
    <skipped/>
  </testcase> <!-- fillDataSetBasic -->
  <testcase classname="test.attest360.testCases.Fresher" name="fillDataSetEducation" time="0.0">
    <skipped/>
  </testcase> <!-- fillDataSetEducation -->
  <testcase classname="test.attest360.testCases.Fresher" name="fillDataSetAddress" time="0.0">
    <skipped/>
  </testcase> <!-- fillDataSetAddress -->
  <testcase classname="test.attest360.testCases.Fresher" name="fillDataSetIdentification" time="0.0">
    <skipped/>
  </testcase> <!-- fillDataSetIdentification -->
  <testcase classname="test.attest360.testCases.Fresher" name="stopBgvFlow1" time="0.056">
    <failure type="org.openqa.selenium.NoSuchWindowException" message="no such window: target window already closed
from unknown error: web view not found
  (Session info: chrome=114.0.5735.199)
Build info: version: &amp;apos;4.4.0&amp;apos;, revision: &amp;apos;e5c75ed026a&amp;apos;
System info: host: &amp;apos;BL072-ANUSHA&amp;apos;, ip: &amp;apos;10.134.10.41&amp;apos;, os.name: &amp;apos;Windows 10&amp;apos;, os.arch: &amp;apos;amd64&amp;apos;, os.version: &amp;apos;10.0&amp;apos;, java.version: &amp;apos;17.0.7&amp;apos;
Driver info: org.openqa.selenium.chrome.ChromeDriver
Command: [33e2c3aeb7b7e036aac4a1a508eeab14, findElement {using=id, value=userSilhouette}]
Capabilities {acceptInsecureCerts: false, browserName: chrome, browserVersion: 114.0.5735.199, chrome: {chromedriverVersion: 114.0.5735.90 (386bc09e8f4f..., userDataDir: C:\Users\Anusha\AppData\Loc...}, goog:chromeOptions: {debuggerAddress: localhost:52165}, networkConnectionEnabled: false, pageLoadStrategy: normal, platformName: WINDOWS, proxy: Proxy(), se:cdp: ws://localhost:52165/devtoo..., se:cdpVersion: 114.0.5735.199, setWindowRect: true, strictFileInteractability: false, timeouts: {implicit: 0, pageLoad: 300000, script: 30000}, unhandledPromptBehavior: dismiss and notify, webauthn:extension:credBlob: true, webauthn:extension:largeBlob: true, webauthn:extension:minPinLength: true, webauthn:extension:prf: true, webauthn:virtualAuthenticators: true}
Session ID: 33e2c3aeb7b7e036aac4a1a508eeab14">
      <![CDATA[org.openqa.selenium.NoSuchWindowException: no such window: target window already closed
from unknown error: web view not found
  (Session info: chrome=114.0.5735.199)
Build info: version: '4.4.0', revision: 'e5c75ed026a'
System info: host: 'BL072-ANUSHA', ip: '10.134.10.41', os.name: 'Windows 10', os.arch: 'amd64', os.version: '10.0', java.version: '17.0.7'
Driver info: org.openqa.selenium.chrome.ChromeDriver
Command: [33e2c3aeb7b7e036aac4a1a508eeab14, findElement {using=id, value=userSilhouette}]
Capabilities {acceptInsecureCerts: false, browserName: chrome, browserVersion: 114.0.5735.199, chrome: {chromedriverVersion: 114.0.5735.90 (386bc09e8f4f..., userDataDir: C:\Users\Anusha\AppData\Loc...}, goog:chromeOptions: {debuggerAddress: localhost:52165}, networkConnectionEnabled: false, pageLoadStrategy: normal, platformName: WINDOWS, proxy: Proxy(), se:cdp: ws://localhost:52165/devtoo..., se:cdpVersion: 114.0.5735.199, setWindowRect: true, strictFileInteractability: false, timeouts: {implicit: 0, pageLoad: 300000, script: 30000}, unhandledPromptBehavior: dismiss and notify, webauthn:extension:credBlob: true, webauthn:extension:largeBlob: true, webauthn:extension:minPinLength: true, webauthn:extension:prf: true, webauthn:virtualAuthenticators: true}
Session ID: 33e2c3aeb7b7e036aac4a1a508eeab14
at org.openqa.selenium.remote.codec.w3c.W3CHttpResponseCodec.createException(W3CHttpResponseCodec.java:200)
at org.openqa.selenium.remote.codec.w3c.W3CHttpResponseCodec.decode(W3CHttpResponseCodec.java:133)
at org.openqa.selenium.remote.codec.w3c.W3CHttpResponseCodec.decode(W3CHttpResponseCodec.java:53)
at org.openqa.selenium.remote.HttpCommandExecutor.execute(HttpCommandExecutor.java:184)
at org.openqa.selenium.remote.service.DriverCommandExecutor.invokeExecute(DriverCommandExecutor.java:167)
at org.openqa.selenium.remote.service.DriverCommandExecutor.execute(DriverCommandExecutor.java:142)
at org.openqa.selenium.remote.RemoteWebDriver.execute(RemoteWebDriver.java:547)
at org.openqa.selenium.remote.ElementLocation$ElementFinder$2.findElement(ElementLocation.java:162)
at org.openqa.selenium.remote.ElementLocation.findElement(ElementLocation.java:60)
at org.openqa.selenium.remote.RemoteWebDriver.findElement(RemoteWebDriver.java:365)
at org.openqa.selenium.remote.RemoteWebDriver.findElement(RemoteWebDriver.java:357)
at org.openqa.selenium.support.pagefactory.DefaultElementLocator.findElement(DefaultElementLocator.java:70)
at org.openqa.selenium.support.pagefactory.internal.LocatingElementHandler.invoke(LocatingElementHandler.java:39)
at jdk.proxy2/jdk.proxy2.$Proxy18.click(Unknown Source)
at test.attest360.pageObjects.LoginPage.clickprofileLogout(LoginPage.java:37)
at test.attest360.testCases.Fresher.logoutAsDataEntry(Fresher.java:275)
at test.attest360.testCases.Fresher.stopBgvFlow1(Fresher.java:63)
... Removed 31 stack frames]]>
    </failure>
  </testcase> <!-- stopBgvFlow1 -->
  <testcase classname="test.attest360.testCases.Fresher" name="runAutoDeligate" time="0.0">
    <ignored/>
  </testcase> <!-- runAutoDeligate -->
  <testcase classname="test.attest360.testCases.Fresher" name="critirionQaLogin" time="0.0">
    <ignored/>
  </testcase> <!-- critirionQaLogin -->
  <testcase classname="test.attest360.testCases.Fresher" name="QADecision" time="0.0">
    <ignored/>
  </testcase> <!-- QADecision -->
  <testcase classname="test.attest360.testCases.Fresher" name="logoutAsDataEntry" time="0.0">
    <ignored/>
  </testcase> <!-- logoutAsDataEntry -->
  <testcase classname="test.attest360.testCases.Fresher" name="verifiertoDataentryInsufficiency" time="0.0">
    <ignored/>
  </testcase> <!-- verifiertoDataentryInsufficiency -->
  <testcase classname="test.attest360.testCases.Fresher" name="stopBgvFlow6" time="0.0">
    <ignored/>
  </testcase> <!-- stopBgvFlow6 -->
  <testcase classname="test.attest360.testCases.Fresher" name="critirinverifierLogin" time="0.0">
    <ignored/>
  </testcase> <!-- critirinverifierLogin -->
  <testcase classname="test.attest360.testCases.Fresher" name="stopBgvFlow5" time="0.0">
    <ignored/>
  </testcase> <!-- stopBgvFlow5 -->
  <testcase classname="test.attest360.testCases.Fresher" name="rejectToDataEntryfromQA" time="0.0">
    <ignored/>
  </testcase> <!-- rejectToDataEntryfromQA -->
  <testcase classname="test.attest360.testCases.Fresher" name="logoutAsQA" time="0.0">
    <ignored/>
  </testcase> <!-- logoutAsQA -->
  <testcase classname="test.attest360.testCases.Fresher" name="InsufficientFlowSelf" time="0.0">
    <ignored/>
  </testcase> <!-- InsufficientFlowSelf -->
  <testcase classname="test.attest360.testCases.Fresher" name="rejectToVerifierfromQA" time="0.0">
    <ignored/>
  </testcase> <!-- rejectToVerifierfromQA -->
  <testcase classname="test.attest360.testCases.Fresher" name="notAppicableAndOnHoldFlow" time="0.0">
    <ignored/>
  </testcase> <!-- notAppicableAndOnHoldFlow -->
  <testcase classname="test.attest360.testCases.Fresher" name="stopBgvFlow4" time="0.0">
    <ignored/>
  </testcase> <!-- stopBgvFlow4 -->
  <testcase classname="test.attest360.testCases.Fresher" name="critirionQaVerifiLogin" time="0.0">
    <ignored/>
  </testcase> <!-- critirionQaVerifiLogin -->
  <testcase classname="test.attest360.testCases.Fresher" name="stopBgvFlow2" time="0.0">
    <ignored/>
  </testcase> <!-- stopBgvFlow2 -->
  <testcase classname="test.attest360.testCases.Fresher" name="verifiertoDataEntryRejection" time="0.0">
    <ignored/>
  </testcase> <!-- verifiertoDataEntryRejection -->
  <testcase classname="test.attest360.testCases.Fresher" name="stopBgvFlow3" time="0.0">
    <ignored/>
  </testcase> <!-- stopBgvFlow3 -->
  <testcase classname="test.attest360.testCases.Fresher" name="logoutAsVerifier" time="0.0">
    <ignored/>
  </testcase> <!-- logoutAsVerifier -->
  <testcase classname="test.attest360.testCases.Fresher" name="verifierDecision" time="0.0">
    <ignored/>
  </testcase> <!-- verifierDecision -->
</testsuite> <!-- Test -->
